<?xml version="1.0" encoding="UTF-8"?>
<!-- Generated by org.testng.reporters.JUnitXMLReporter -->
<testsuite ignored="0" hostname="Shohags-MacBook-Air.local" failures="0" tests="7" name="Command line test" time="25.936" errors="0" timestamp="2022-08-22T09:50:01 CDT">
  <testcase classname="Misc_Exercise.BrokenLinksImagesTest" name="brokenImageTest" time="0.074"/>
  <testcase classname="Misc_Exercise.DynamicPropertiesTest" name="testElementWaitForClickable" time="5.388"/>
  <testcase classname="DemoQAHomePageTest" name="validateAllMenuPresent" time="0.387"/>
  <testcase classname="DemoQAHomePageTest" name="testTitle" time="0.003"/>
  <testcase classname="DemoQAHomePageTest" name="varifyBannerIsVisible" time="0.019"/>
  <testcase classname="DemoQAHomePageTest" name="verifyIfTheLogoIsVisible" time="0.021"/>
  <testcase classname="DemoQAHomePageTest" name="validateFooter" time="0.013"/>
</testsuite> <!-- Command line test -->
