<?xml version="1.0" encoding="UTF-8" ?>
<testsuite tests="7" failures="0" name="TestSuite" time="5.905" errors="0" skipped="0">
  <properties>
[...]
</properties>
  <testcase classname="Misc_Exercise.BrokenLinksImagesTest" name="brokenImageTest" time="0.074"/>
  <testcase classname="Misc_Exercise.DynamicPropertiesTest" name="testElementWaitForClickable" time="5.389"/>
  <testcase classname="DemoQAHomePageTest" name="validateAllMenuPresent" time="0.387"/>
  <testcase classname="DemoQAHomePageTest" name="testTitle" time="0.003"/>
  <testcase classname="DemoQAHomePageTest" name="varifyBannerIsVisible" time="0.018"/>
  <testcase classname="DemoQAHomePageTest" name="verifyIfTheLogoIsVisible" time="0.021"/>
  <testcase classname="DemoQAHomePageTest" name="validateFooter" time="0.013"/>
</testsuite>